==215== Memcheck, a memory error detector
==215== Copyright (C) 2002-2022, and GNU GPL'd, by Julian Seward et al.
==215== Using Valgrind-3.19.0 and LibVEX; rerun with -h for copyright info
==215== Command: ./view 10 10
==215== Parent PID: 214
==215== 
==215== 
==215== HEAP SUMMARY:
==215==     in use at exit: 68,400 bytes in 181 blocks
==215==   total heap usage: 387 allocs, 206 frees, 166,764 bytes allocated
==215== 
==215== 4 bytes in 1 blocks are still reachable in loss record 1 of 81
==215==    at 0x4889F94: calloc (vg_replace_malloc.c:1328)
==215==    by 0x48D5E03: ??? (in /usr/lib/aarch64-linux-gnu/libncurses.so.6.4)
==215==    by 0x48D23CB: newterm_sp (in /usr/lib/aarch64-linux-gnu/libncurses.so.6.4)
==215==    by 0x48D2747: newterm (in /usr/lib/aarch64-linux-gnu/libncurses.so.6.4)
==215==    by 0x48CEE5F: initscr (in /usr/lib/aarch64-linux-gnu/libncurses.so.6.4)
==215==    by 0x10A037: main (view.c:366)
==215== 
==215== 6 bytes in 1 blocks are still reachable in loss record 2 of 81
==215==    at 0x48850C8: malloc (vg_replace_malloc.c:381)
==215==    by 0x49F580F: strdup (strdup.c:42)
==215==    by 0x49210FB: ??? (in /usr/lib/aarch64-linux-gnu/libtinfo.so.6.4)
==215==    by 0x492189B: _nc_first_db (in /usr/lib/aarch64-linux-gnu/libtinfo.so.6.4)
==215==    by 0x492BCB7: _nc_read_entry2 (in /usr/lib/aarch64-linux-gnu/libtinfo.so.6.4)
==215==    by 0x4923EF7: ??? (in /usr/lib/aarch64-linux-gnu/libtinfo.so.6.4)
==215==    by 0x49242AB: _nc_setupterm (in /usr/lib/aarch64-linux-gnu/libtinfo.so.6.4)
==215==    by 0x48D238B: newterm_sp (in /usr/lib/aarch64-linux-gnu/libncurses.so.6.4)
==215==    by 0x48D2747: newterm (in /usr/lib/aarch64-linux-gnu/libncurses.so.6.4)
==215==    by 0x48CEE5F: initscr (in /usr/lib/aarch64-linux-gnu/libncurses.so.6.4)
==215==    by 0x10A037: main (view.c:366)
==215== 
==215== 6 bytes in 1 blocks are still reachable in loss record 3 of 81
==215==    at 0x48850C8: malloc (vg_replace_malloc.c:381)
==215==    by 0x49F580F: strdup (strdup.c:42)
==215==    by 0x4924307: _nc_setupterm (in /usr/lib/aarch64-linux-gnu/libtinfo.so.6.4)
==215==    by 0x48D238B: newterm_sp (in /usr/lib/aarch64-linux-gnu/libncurses.so.6.4)
==215==    by 0x48D2747: newterm (in /usr/lib/aarch64-linux-gnu/libncurses.so.6.4)
==215==    by 0x48CEE5F: initscr (in /usr/lib/aarch64-linux-gnu/libncurses.so.6.4)
==215==    by 0x10A037: main (view.c:366)
==215== 
==215== 9 bytes in 1 blocks are still reachable in loss record 4 of 81
==215==    at 0x48850C8: malloc (vg_replace_malloc.c:381)
==215==    by 0x49F580F: strdup (strdup.c:42)
==215==    by 0x4925CDF: ??? (in /usr/lib/aarch64-linux-gnu/libtinfo.so.6.4)
==215==    by 0x49286FF: _nc_tiparm (in /usr/lib/aarch64-linux-gnu/libtinfo.so.6.4)
==215==    by 0x48D1BF7: ??? (in /usr/lib/aarch64-linux-gnu/libncurses.so.6.4)
==215==    by 0x48D24FF: newterm_sp (in /usr/lib/aarch64-linux-gnu/libncurses.so.6.4)
==215==    by 0x48D2747: newterm (in /usr/lib/aarch64-linux-gnu/libncurses.so.6.4)
==215==    by 0x48CEE5F: initscr (in /usr/lib/aarch64-linux-gnu/libncurses.so.6.4)
==215==    by 0x10A037: main (view.c:366)
==215== 
==215== 9 bytes in 1 blocks are still reachable in loss record 5 of 81
==215==    at 0x48850C8: malloc (vg_replace_malloc.c:381)
==215==    by 0x49F580F: strdup (strdup.c:42)
==215==    by 0x4925CDF: ??? (in /usr/lib/aarch64-linux-gnu/libtinfo.so.6.4)
==215==    by 0x49286FF: _nc_tiparm (in /usr/lib/aarch64-linux-gnu/libtinfo.so.6.4)
==215==    by 0x48D1DB7: ??? (in /usr/lib/aarch64-linux-gnu/libncurses.so.6.4)
==215==    by 0x48D24FF: newterm_sp (in /usr/lib/aarch64-linux-gnu/libncurses.so.6.4)
==215==    by 0x48D2747: newterm (in /usr/lib/aarch64-linux-gnu/libncurses.so.6.4)
==215==    by 0x48CEE5F: initscr (in /usr/lib/aarch64-linux-gnu/libncurses.so.6.4)
==215==    by 0x10A037: main (view.c:366)
==215== 
==215== 9 bytes in 1 blocks are still reachable in loss record 6 of 81
==215==    at 0x48850C8: malloc (vg_replace_malloc.c:381)
==215==    by 0x49F580F: strdup (strdup.c:42)
==215==    by 0x4925CDF: ??? (in /usr/lib/aarch64-linux-gnu/libtinfo.so.6.4)
==215==    by 0x49286FF: _nc_tiparm (in /usr/lib/aarch64-linux-gnu/libtinfo.so.6.4)
==215==    by 0x48D1E03: ??? (in /usr/lib/aarch64-linux-gnu/libncurses.so.6.4)
==215==    by 0x48D24FF: newterm_sp (in /usr/lib/aarch64-linux-gnu/libncurses.so.6.4)
==215==    by 0x48D2747: newterm (in /usr/lib/aarch64-linux-gnu/libncurses.so.6.4)
==215==    by 0x48CEE5F: initscr (in /usr/lib/aarch64-linux-gnu/libncurses.so.6.4)
==215==    by 0x10A037: main (view.c:366)
==215== 
==215== 9 bytes in 1 blocks are still reachable in loss record 7 of 81
==215==    at 0x48850C8: malloc (vg_replace_malloc.c:381)
==215==    by 0x49F580F: strdup (strdup.c:42)
==215==    by 0x4925CDF: ??? (in /usr/lib/aarch64-linux-gnu/libtinfo.so.6.4)
==215==    by 0x49286FF: _nc_tiparm (in /usr/lib/aarch64-linux-gnu/libtinfo.so.6.4)
==215==    by 0x48D1E4F: ??? (in /usr/lib/aarch64-linux-gnu/libncurses.so.6.4)
==215==    by 0x48D24FF: newterm_sp (in /usr/lib/aarch64-linux-gnu/libncurses.so.6.4)
==215==    by 0x48D2747: newterm (in /usr/lib/aarch64-linux-gnu/libncurses.so.6.4)
==215==    by 0x48CEE5F: initscr (in /usr/lib/aarch64-linux-gnu/libncurses.so.6.4)
==215==    by 0x10A037: main (view.c:366)
==215== 
==215== 9 bytes in 1 blocks are possibly lost in loss record 8 of 81
==215==    at 0x48850C8: malloc (vg_replace_malloc.c:381)
==215==    by 0x49F580F: strdup (strdup.c:42)
==215==    by 0x4925CDF: ??? (in /usr/lib/aarch64-linux-gnu/libtinfo.so.6.4)
==215==    by 0x49286FF: _nc_tiparm (in /usr/lib/aarch64-linux-gnu/libtinfo.so.6.4)
==215==    by 0x48D1B73: ??? (in /usr/lib/aarch64-linux-gnu/libncurses.so.6.4)
==215==    by 0x48D24FF: newterm_sp (in /usr/lib/aarch64-linux-gnu/libncurses.so.6.4)
==215==    by 0x48D2747: newterm (in /usr/lib/aarch64-linux-gnu/libncurses.so.6.4)
==215==    by 0x48CEE5F: initscr (in /usr/lib/aarch64-linux-gnu/libncurses.so.6.4)
==215==    by 0x10A037: main (view.c:366)
==215== 
==215== 9 bytes in 1 blocks are possibly lost in loss record 9 of 81
==215==    at 0x48850C8: malloc (vg_replace_malloc.c:381)
==215==    by 0x49F580F: strdup (strdup.c:42)
==215==    by 0x4925CDF: ??? (in /usr/lib/aarch64-linux-gnu/libtinfo.so.6.4)
==215==    by 0x49286FF: _nc_tiparm (in /usr/lib/aarch64-linux-gnu/libtinfo.so.6.4)
==215==    by 0x48D1B9F: ??? (in /usr/lib/aarch64-linux-gnu/libncurses.so.6.4)
==215==    by 0x48D24FF: newterm_sp (in /usr/lib/aarch64-linux-gnu/libncurses.so.6.4)
==215==    by 0x48D2747: newterm (in /usr/lib/aarch64-linux-gnu/libncurses.so.6.4)
==215==    by 0x48CEE5F: initscr (in /usr/lib/aarch64-linux-gnu/libncurses.so.6.4)
==215==    by 0x10A037: main (view.c:366)
==215== 
==215== 9 bytes in 1 blocks are possibly lost in loss record 10 of 81
==215==    at 0x48850C8: malloc (vg_replace_malloc.c:381)
==215==    by 0x49F580F: strdup (strdup.c:42)
==215==    by 0x4925CDF: ??? (in /usr/lib/aarch64-linux-gnu/libtinfo.so.6.4)
==215==    by 0x49286FF: _nc_tiparm (in /usr/lib/aarch64-linux-gnu/libtinfo.so.6.4)
==215==    by 0x48D1BCB: ??? (in /usr/lib/aarch64-linux-gnu/libncurses.so.6.4)
==215==    by 0x48D24FF: newterm_sp (in /usr/lib/aarch64-linux-gnu/libncurses.so.6.4)
==215==    by 0x48D2747: newterm (in /usr/lib/aarch64-linux-gnu/libncurses.so.6.4)
==215==    by 0x48CEE5F: initscr (in /usr/lib/aarch64-linux-gnu/libncurses.so.6.4)
==215==    by 0x10A037: main (view.c:366)
==215== 
==215== 10 bytes in 1 blocks are still reachable in loss record 11 of 81
==215==    at 0x48850C8: malloc (vg_replace_malloc.c:381)
==215==    by 0x49F580F: strdup (strdup.c:42)
==215==    by 0x4925CDF: ??? (in /usr/lib/aarch64-linux-gnu/libtinfo.so.6.4)
==215==    by 0x49286FF: _nc_tiparm (in /usr/lib/aarch64-linux-gnu/libtinfo.so.6.4)
==215==    by 0x48CAC3B: ??? (in /usr/lib/aarch64-linux-gnu/libncurses.so.6.4)
==215==    by 0x48CBD93: ??? (in /usr/lib/aarch64-linux-gnu/libncurses.so.6.4)
==215==    by 0x48DCDF7: doupdate_sp (in /usr/lib/aarch64-linux-gnu/libncurses.so.6.4)
==215==    by 0x48D3DEF: wrefresh (in /usr/lib/aarch64-linux-gnu/libncurses.so.6.4)
==215==    by 0x109A57: print_board (view.c:235)
==215==    by 0x10A06F: main (view.c:381)
==215== 
==215== 10 bytes in 1 blocks are still reachable in loss record 12 of 81
==215==    at 0x48850C8: malloc (vg_replace_malloc.c:381)
==215==    by 0x49F580F: strdup (strdup.c:42)
==215==    by 0x4925CDF: ??? (in /usr/lib/aarch64-linux-gnu/libtinfo.so.6.4)
==215==    by 0x49286FF: _nc_tiparm (in /usr/lib/aarch64-linux-gnu/libtinfo.so.6.4)
==215==    by 0x48CACAF: ??? (in /usr/lib/aarch64-linux-gnu/libncurses.so.6.4)
==215==    by 0x48CBDA7: ??? (in /usr/lib/aarch64-linux-gnu/libncurses.so.6.4)
==215==    by 0x48DCDF7: doupdate_sp (in /usr/lib/aarch64-linux-gnu/libncurses.so.6.4)
==215==    by 0x48D3DEF: wrefresh (in /usr/lib/aarch64-linux-gnu/libncurses.so.6.4)
==215==    by 0x109A57: print_board (view.c:235)
==215==    by 0x10A06F: main (view.c:381)
==215== 
==215== 11 bytes in 1 blocks are still reachable in loss record 13 of 81
==215==    at 0x48850C8: malloc (vg_replace_malloc.c:381)
==215==    by 0x49F580F: strdup (strdup.c:42)
==215==    by 0x4925CDF: ??? (in /usr/lib/aarch64-linux-gnu/libtinfo.so.6.4)
==215==    by 0x49286FF: _nc_tiparm (in /usr/lib/aarch64-linux-gnu/libtinfo.so.6.4)
==215==    by 0x48D1C23: ??? (in /usr/lib/aarch64-linux-gnu/libncurses.so.6.4)
==215==    by 0x48D24FF: newterm_sp (in /usr/lib/aarch64-linux-gnu/libncurses.so.6.4)
==215==    by 0x48D2747: newterm (in /usr/lib/aarch64-linux-gnu/libncurses.so.6.4)
==215==    by 0x48CEE5F: initscr (in /usr/lib/aarch64-linux-gnu/libncurses.so.6.4)
==215==    by 0x10A037: main (view.c:366)
==215== 
==215== 11 bytes in 1 blocks are still reachable in loss record 14 of 81
==215==    at 0x48850C8: malloc (vg_replace_malloc.c:381)
==215==    by 0x49F580F: strdup (strdup.c:42)
==215==    by 0x4925CDF: ??? (in /usr/lib/aarch64-linux-gnu/libtinfo.so.6.4)
==215==    by 0x49286FF: _nc_tiparm (in /usr/lib/aarch64-linux-gnu/libtinfo.so.6.4)
==215==    by 0x48D1C4F: ??? (in /usr/lib/aarch64-linux-gnu/libncurses.so.6.4)
==215==    by 0x48D24FF: newterm_sp (in /usr/lib/aarch64-linux-gnu/libncurses.so.6.4)
==215==    by 0x48D2747: newterm (in /usr/lib/aarch64-linux-gnu/libncurses.so.6.4)
==215==    by 0x48CEE5F: initscr (in /usr/lib/aarch64-linux-gnu/libncurses.so.6.4)
==215==    by 0x10A037: main (view.c:366)
==215== 
==215== 17 bytes in 1 blocks are still reachable in loss record 15 of 81
==215==    at 0x48850C8: malloc (vg_replace_malloc.c:381)
==215==    by 0x49F580F: strdup (strdup.c:42)
==215==    by 0x4925CDF: ??? (in /usr/lib/aarch64-linux-gnu/libtinfo.so.6.4)
==215==    by 0x49286FF: _nc_tiparm (in /usr/lib/aarch64-linux-gnu/libtinfo.so.6.4)
==215==    by 0x48D1B47: ??? (in /usr/lib/aarch64-linux-gnu/libncurses.so.6.4)
==215==    by 0x48D24FF: newterm_sp (in /usr/lib/aarch64-linux-gnu/libncurses.so.6.4)
==215==    by 0x48D2747: newterm (in /usr/lib/aarch64-linux-gnu/libncurses.so.6.4)
==215==    by 0x48CEE5F: initscr (in /usr/lib/aarch64-linux-gnu/libncurses.so.6.4)
==215==    by 0x10A037: main (view.c:366)
==215== 
==215== 17 bytes in 1 blocks are still reachable in loss record 16 of 81
==215==    at 0x48850C8: malloc (vg_replace_malloc.c:381)
==215==    by 0x49F580F: strdup (strdup.c:42)
==215==    by 0x4925CDF: ??? (in /usr/lib/aarch64-linux-gnu/libtinfo.so.6.4)
==215==    by 0x49286FF: _nc_tiparm (in /usr/lib/aarch64-linux-gnu/libtinfo.so.6.4)
==215==    by 0x48D196B: ??? (in /usr/lib/aarch64-linux-gnu/libncurses.so.6.4)
==215==    by 0x48D24FF: newterm_sp (in /usr/lib/aarch64-linux-gnu/libncurses.so.6.4)
==215==    by 0x48D2747: newterm (in /usr/lib/aarch64-linux-gnu/libncurses.so.6.4)
==215==    by 0x48CEE5F: initscr (in /usr/lib/aarch64-linux-gnu/libncurses.so.6.4)
==215==    by 0x10A037: main (view.c:366)
==215== 
==215== 18 bytes in 1 blocks are still reachable in loss record 17 of 81
==215==    at 0x48850C8: malloc (vg_replace_malloc.c:381)
==215==    by 0x4921D2B: _nc_home_terminfo (in /usr/lib/aarch64-linux-gnu/libtinfo.so.6.4)
==215==    by 0x4921883: _nc_first_db (in /usr/lib/aarch64-linux-gnu/libtinfo.so.6.4)
==215==    by 0x492BCB7: _nc_read_entry2 (in /usr/lib/aarch64-linux-gnu/libtinfo.so.6.4)
==215==    by 0x4923EF7: ??? (in /usr/lib/aarch64-linux-gnu/libtinfo.so.6.4)
==215==    by 0x49242AB: _nc_setupterm (in /usr/lib/aarch64-linux-gnu/libtinfo.so.6.4)
==215==    by 0x48D238B: newterm_sp (in /usr/lib/aarch64-linux-gnu/libncurses.so.6.4)
==215==    by 0x48D2747: newterm (in /usr/lib/aarch64-linux-gnu/libncurses.so.6.4)
==215==    by 0x48CEE5F: initscr (in /usr/lib/aarch64-linux-gnu/libncurses.so.6.4)
==215==    by 0x10A037: main (view.c:366)
==215== 
==215== 20 bytes in 1 blocks are still reachable in loss record 18 of 81
==215==    at 0x48850C8: malloc (vg_replace_malloc.c:381)
==215==    by 0x49F580F: strdup (strdup.c:42)
==215==    by 0x4925CDF: ??? (in /usr/lib/aarch64-linux-gnu/libtinfo.so.6.4)
==215==    by 0x49286FF: _nc_tiparm (in /usr/lib/aarch64-linux-gnu/libtinfo.so.6.4)
==215==    by 0x48D1E9F: ??? (in /usr/lib/aarch64-linux-gnu/libncurses.so.6.4)
==215==    by 0x48D24FF: newterm_sp (in /usr/lib/aarch64-linux-gnu/libncurses.so.6.4)
==215==    by 0x48D2747: newterm (in /usr/lib/aarch64-linux-gnu/libncurses.so.6.4)
==215==    by 0x48CEE5F: initscr (in /usr/lib/aarch64-linux-gnu/libncurses.so.6.4)
==215==    by 0x10A037: main (view.c:366)
==215== 
==215== 24 bytes in 1 blocks are still reachable in loss record 19 of 81
==215==    at 0x48850C8: malloc (vg_replace_malloc.c:381)
==215==    by 0x4A45717: tsearch (tsearch.c:337)
==215==    by 0x4925CF7: ??? (in /usr/lib/aarch64-linux-gnu/libtinfo.so.6.4)
==215==    by 0x49286FF: _nc_tiparm (in /usr/lib/aarch64-linux-gnu/libtinfo.so.6.4)
==215==    by 0x48D1B47: ??? (in /usr/lib/aarch64-linux-gnu/libncurses.so.6.4)
==215==    by 0x48D24FF: newterm_sp (in /usr/lib/aarch64-linux-gnu/libncurses.so.6.4)
==215==    by 0x48D2747: newterm (in /usr/lib/aarch64-linux-gnu/libncurses.so.6.4)
==215==    by 0x48CEE5F: initscr (in /usr/lib/aarch64-linux-gnu/libncurses.so.6.4)
==215==    by 0x10A037: main (view.c:366)
==215== 
==215== 24 bytes in 1 blocks are still reachable in loss record 20 of 81
==215==    at 0x48850C8: malloc (vg_replace_malloc.c:381)
==215==    by 0x4A456A3: tsearch (tsearch.c:337)
==215==    by 0x4925CF7: ??? (in /usr/lib/aarch64-linux-gnu/libtinfo.so.6.4)
==215==    by 0x49286FF: _nc_tiparm (in /usr/lib/aarch64-linux-gnu/libtinfo.so.6.4)
==215==    by 0x48D1BF7: ??? (in /usr/lib/aarch64-linux-gnu/libncurses.so.6.4)
==215==    by 0x48D24FF: newterm_sp (in /usr/lib/aarch64-linux-gnu/libncurses.so.6.4)
==215==    by 0x48D2747: newterm (in /usr/lib/aarch64-linux-gnu/libncurses.so.6.4)
==215==    by 0x48CEE5F: initscr (in /usr/lib/aarch64-linux-gnu/libncurses.so.6.4)
==215==    by 0x10A037: main (view.c:366)
==215== 
==215== 24 bytes in 1 blocks are still reachable in loss record 21 of 81
==215==    at 0x48850C8: malloc (vg_replace_malloc.c:381)
==215==    by 0x4A456A3: tsearch (tsearch.c:337)
==215==    by 0x4925CF7: ??? (in /usr/lib/aarch64-linux-gnu/libtinfo.so.6.4)
==215==    by 0x49286FF: _nc_tiparm (in /usr/lib/aarch64-linux-gnu/libtinfo.so.6.4)
==215==    by 0x48D1C23: ??? (in /usr/lib/aarch64-linux-gnu/libncurses.so.6.4)
==215==    by 0x48D24FF: newterm_sp (in /usr/lib/aarch64-linux-gnu/libncurses.so.6.4)
==215==    by 0x48D2747: newterm (in /usr/lib/aarch64-linux-gnu/libncurses.so.6.4)
==215==    by 0x48CEE5F: initscr (in /usr/lib/aarch64-linux-gnu/libncurses.so.6.4)
==215==    by 0x10A037: main (view.c:366)
==215== 
==215== 24 bytes in 1 blocks are still reachable in loss record 22 of 81
==215==    at 0x48850C8: malloc (vg_replace_malloc.c:381)
==215==    by 0x4A456A3: tsearch (tsearch.c:337)
==215==    by 0x4925CF7: ??? (in /usr/lib/aarch64-linux-gnu/libtinfo.so.6.4)
==215==    by 0x49286FF: _nc_tiparm (in /usr/lib/aarch64-linux-gnu/libtinfo.so.6.4)
==215==    by 0x48D1C4F: ??? (in /usr/lib/aarch64-linux-gnu/libncurses.so.6.4)
==215==    by 0x48D24FF: newterm_sp (in /usr/lib/aarch64-linux-gnu/libncurses.so.6.4)
==215==    by 0x48D2747: newterm (in /usr/lib/aarch64-linux-gnu/libncurses.so.6.4)
==215==    by 0x48CEE5F: initscr (in /usr/lib/aarch64-linux-gnu/libncurses.so.6.4)
==215==    by 0x10A037: main (view.c:366)
==215== 
==215== 24 bytes in 1 blocks are still reachable in loss record 23 of 81
==215==    at 0x48850C8: malloc (vg_replace_malloc.c:381)
==215==    by 0x4A456A3: tsearch (tsearch.c:337)
==215==    by 0x4925CF7: ??? (in /usr/lib/aarch64-linux-gnu/libtinfo.so.6.4)
==215==    by 0x49286FF: _nc_tiparm (in /usr/lib/aarch64-linux-gnu/libtinfo.so.6.4)
==215==    by 0x48D1DB7: ??? (in /usr/lib/aarch64-linux-gnu/libncurses.so.6.4)
==215==    by 0x48D24FF: newterm_sp (in /usr/lib/aarch64-linux-gnu/libncurses.so.6.4)
==215==    by 0x48D2747: newterm (in /usr/lib/aarch64-linux-gnu/libncurses.so.6.4)
==215==    by 0x48CEE5F: initscr (in /usr/lib/aarch64-linux-gnu/libncurses.so.6.4)
==215==    by 0x10A037: main (view.c:366)
==215== 
==215== 24 bytes in 1 blocks are still reachable in loss record 24 of 81
==215==    at 0x48850C8: malloc (vg_replace_malloc.c:381)
==215==    by 0x4A456A3: tsearch (tsearch.c:337)
==215==    by 0x4925CF7: ??? (in /usr/lib/aarch64-linux-gnu/libtinfo.so.6.4)
==215==    by 0x49286FF: _nc_tiparm (in /usr/lib/aarch64-linux-gnu/libtinfo.so.6.4)
==215==    by 0x48D1E03: ??? (in /usr/lib/aarch64-linux-gnu/libncurses.so.6.4)
==215==    by 0x48D24FF: newterm_sp (in /usr/lib/aarch64-linux-gnu/libncurses.so.6.4)
==215==    by 0x48D2747: newterm (in /usr/lib/aarch64-linux-gnu/libncurses.so.6.4)
==215==    by 0x48CEE5F: initscr (in /usr/lib/aarch64-linux-gnu/libncurses.so.6.4)
==215==    by 0x10A037: main (view.c:366)
==215== 
==215== 24 bytes in 1 blocks are still reachable in loss record 25 of 81
==215==    at 0x48850C8: malloc (vg_replace_malloc.c:381)
==215==    by 0x4A456A3: tsearch (tsearch.c:337)
==215==    by 0x4925CF7: ??? (in /usr/lib/aarch64-linux-gnu/libtinfo.so.6.4)
==215==    by 0x49286FF: _nc_tiparm (in /usr/lib/aarch64-linux-gnu/libtinfo.so.6.4)
==215==    by 0x48D1E4F: ??? (in /usr/lib/aarch64-linux-gnu/libncurses.so.6.4)
==215==    by 0x48D24FF: newterm_sp (in /usr/lib/aarch64-linux-gnu/libncurses.so.6.4)
==215==    by 0x48D2747: newterm (in /usr/lib/aarch64-linux-gnu/libncurses.so.6.4)
==215==    by 0x48CEE5F: initscr (in /usr/lib/aarch64-linux-gnu/libncurses.so.6.4)
==215==    by 0x10A037: main (view.c:366)
==215== 
==215== 24 bytes in 1 blocks are still reachable in loss record 26 of 81
==215==    at 0x48850C8: malloc (vg_replace_malloc.c:381)
==215==    by 0x4A456A3: tsearch (tsearch.c:337)
==215==    by 0x4925CF7: ??? (in /usr/lib/aarch64-linux-gnu/libtinfo.so.6.4)
==215==    by 0x49286FF: _nc_tiparm (in /usr/lib/aarch64-linux-gnu/libtinfo.so.6.4)
==215==    by 0x48D1E9F: ??? (in /usr/lib/aarch64-linux-gnu/libncurses.so.6.4)
==215==    by 0x48D24FF: newterm_sp (in /usr/lib/aarch64-linux-gnu/libncurses.so.6.4)
==215==    by 0x48D2747: newterm (in /usr/lib/aarch64-linux-gnu/libncurses.so.6.4)
==215==    by 0x48CEE5F: initscr (in /usr/lib/aarch64-linux-gnu/libncurses.so.6.4)
==215==    by 0x10A037: main (view.c:366)
==215== 
==215== 24 bytes in 1 blocks are still reachable in loss record 27 of 81
==215==    at 0x48850C8: malloc (vg_replace_malloc.c:381)
==215==    by 0x4A456A3: tsearch (tsearch.c:337)
==215==    by 0x4925CF7: ??? (in /usr/lib/aarch64-linux-gnu/libtinfo.so.6.4)
==215==    by 0x49286FF: _nc_tiparm (in /usr/lib/aarch64-linux-gnu/libtinfo.so.6.4)
==215==    by 0x48D196B: ??? (in /usr/lib/aarch64-linux-gnu/libncurses.so.6.4)
==215==    by 0x48D24FF: newterm_sp (in /usr/lib/aarch64-linux-gnu/libncurses.so.6.4)
==215==    by 0x48D2747: newterm (in /usr/lib/aarch64-linux-gnu/libncurses.so.6.4)
==215==    by 0x48CEE5F: initscr (in /usr/lib/aarch64-linux-gnu/libncurses.so.6.4)
==215==    by 0x10A037: main (view.c:366)
==215== 
==215== 24 bytes in 1 blocks are still reachable in loss record 28 of 81
==215==    at 0x48850C8: malloc (vg_replace_malloc.c:381)
==215==    by 0x4A456A3: tsearch (tsearch.c:337)
==215==    by 0x4925CF7: ??? (in /usr/lib/aarch64-linux-gnu/libtinfo.so.6.4)
==215==    by 0x49286FF: _nc_tiparm (in /usr/lib/aarch64-linux-gnu/libtinfo.so.6.4)
==215==    by 0x48CAC3B: ??? (in /usr/lib/aarch64-linux-gnu/libncurses.so.6.4)
==215==    by 0x48CBD93: ??? (in /usr/lib/aarch64-linux-gnu/libncurses.so.6.4)
==215==    by 0x48DCDF7: doupdate_sp (in /usr/lib/aarch64-linux-gnu/libncurses.so.6.4)
==215==    by 0x48D3DEF: wrefresh (in /usr/lib/aarch64-linux-gnu/libncurses.so.6.4)
==215==    by 0x109A57: print_board (view.c:235)
==215==    by 0x10A06F: main (view.c:381)
==215== 
==215== 24 bytes in 1 blocks are still reachable in loss record 29 of 81
==215==    at 0x48850C8: malloc (vg_replace_malloc.c:381)
==215==    by 0x4A456A3: tsearch (tsearch.c:337)
==215==    by 0x4925CF7: ??? (in /usr/lib/aarch64-linux-gnu/libtinfo.so.6.4)
==215==    by 0x49286FF: _nc_tiparm (in /usr/lib/aarch64-linux-gnu/libtinfo.so.6.4)
==215==    by 0x48CACAF: ??? (in /usr/lib/aarch64-linux-gnu/libncurses.so.6.4)
==215==    by 0x48CBDA7: ??? (in /usr/lib/aarch64-linux-gnu/libncurses.so.6.4)
==215==    by 0x48DCDF7: doupdate_sp (in /usr/lib/aarch64-linux-gnu/libncurses.so.6.4)
==215==    by 0x48D3DEF: wrefresh (in /usr/lib/aarch64-linux-gnu/libncurses.so.6.4)
==215==    by 0x109A57: print_board (view.c:235)
==215==    by 0x10A06F: main (view.c:381)
==215== 
==215== 24 bytes in 1 blocks are still reachable in loss record 30 of 81
==215==    at 0x48850C8: malloc (vg_replace_malloc.c:381)
==215==    by 0x4A456A3: tsearch (tsearch.c:337)
==215==    by 0x4925CF7: ??? (in /usr/lib/aarch64-linux-gnu/libtinfo.so.6.4)
==215==    by 0x49286FF: _nc_tiparm (in /usr/lib/aarch64-linux-gnu/libtinfo.so.6.4)
==215==    by 0x48D7E93: vidputs_sp (in /usr/lib/aarch64-linux-gnu/libncurses.so.6.4)
==215==    by 0x48DAE17: ??? (in /usr/lib/aarch64-linux-gnu/libncurses.so.6.4)
==215==    by 0x48DB44F: ??? (in /usr/lib/aarch64-linux-gnu/libncurses.so.6.4)
==215==    by 0x48DBC47: ??? (in /usr/lib/aarch64-linux-gnu/libncurses.so.6.4)
==215==    by 0x48DC9B7: doupdate_sp (in /usr/lib/aarch64-linux-gnu/libncurses.so.6.4)
==215==    by 0x48D3DEF: wrefresh (in /usr/lib/aarch64-linux-gnu/libncurses.so.6.4)
==215==    by 0x109A57: print_board (view.c:235)
==215==    by 0x10A06F: main (view.c:381)
==215== 
==215== 24 bytes in 1 blocks are possibly lost in loss record 31 of 81
==215==    at 0x48850C8: malloc (vg_replace_malloc.c:381)
==215==    by 0x4A456A3: tsearch (tsearch.c:337)
==215==    by 0x4925CF7: ??? (in /usr/lib/aarch64-linux-gnu/libtinfo.so.6.4)
==215==    by 0x49286FF: _nc_tiparm (in /usr/lib/aarch64-linux-gnu/libtinfo.so.6.4)
==215==    by 0x48D1B73: ??? (in /usr/lib/aarch64-linux-gnu/libncurses.so.6.4)
==215==    by 0x48D24FF: newterm_sp (in /usr/lib/aarch64-linux-gnu/libncurses.so.6.4)
==215==    by 0x48D2747: newterm (in /usr/lib/aarch64-linux-gnu/libncurses.so.6.4)
==215==    by 0x48CEE5F: initscr (in /usr/lib/aarch64-linux-gnu/libncurses.so.6.4)
==215==    by 0x10A037: main (view.c:366)
==215== 
==215== 24 bytes in 1 blocks are possibly lost in loss record 32 of 81
==215==    at 0x48850C8: malloc (vg_replace_malloc.c:381)
==215==    by 0x4A456A3: tsearch (tsearch.c:337)
==215==    by 0x4925CF7: ??? (in /usr/lib/aarch64-linux-gnu/libtinfo.so.6.4)
==215==    by 0x49286FF: _nc_tiparm (in /usr/lib/aarch64-linux-gnu/libtinfo.so.6.4)
==215==    by 0x48D1B9F: ??? (in /usr/lib/aarch64-linux-gnu/libncurses.so.6.4)
==215==    by 0x48D24FF: newterm_sp (in /usr/lib/aarch64-linux-gnu/libncurses.so.6.4)
==215==    by 0x48D2747: newterm (in /usr/lib/aarch64-linux-gnu/libncurses.so.6.4)
==215==    by 0x48CEE5F: initscr (in /usr/lib/aarch64-linux-gnu/libncurses.so.6.4)
==215==    by 0x10A037: main (view.c:366)
==215== 
==215== 24 bytes in 1 blocks are possibly lost in loss record 33 of 81
==215==    at 0x48850C8: malloc (vg_replace_malloc.c:381)
==215==    by 0x4A456A3: tsearch (tsearch.c:337)
==215==    by 0x4925CF7: ??? (in /usr/lib/aarch64-linux-gnu/libtinfo.so.6.4)
==215==    by 0x49286FF: _nc_tiparm (in /usr/lib/aarch64-linux-gnu/libtinfo.so.6.4)
==215==    by 0x48D1BCB: ??? (in /usr/lib/aarch64-linux-gnu/libncurses.so.6.4)
==215==    by 0x48D24FF: newterm_sp (in /usr/lib/aarch64-linux-gnu/libncurses.so.6.4)
==215==    by 0x48D2747: newterm (in /usr/lib/aarch64-linux-gnu/libncurses.so.6.4)
==215==    by 0x48CEE5F: initscr (in /usr/lib/aarch64-linux-gnu/libncurses.so.6.4)
==215==    by 0x10A037: main (view.c:366)
==215== 
==215== 46 bytes in 1 blocks are still reachable in loss record 34 of 81
==215==    at 0x488A1C4: realloc (vg_replace_malloc.c:1437)
==215==    by 0x492195B: _nc_doalloc (in /usr/lib/aarch64-linux-gnu/libtinfo.so.6.4)
==215==    by 0x492B4E3: _nc_read_termtype (in /usr/lib/aarch64-linux-gnu/libtinfo.so.6.4)
==215==    by 0x492B84B: _nc_read_file_entry (in /usr/lib/aarch64-linux-gnu/libtinfo.so.6.4)
==215==    by 0x492BB8F: ??? (in /usr/lib/aarch64-linux-gnu/libtinfo.so.6.4)
==215==    by 0x492BCCB: _nc_read_entry2 (in /usr/lib/aarch64-linux-gnu/libtinfo.so.6.4)
==215==    by 0x4923EF7: ??? (in /usr/lib/aarch64-linux-gnu/libtinfo.so.6.4)
==215==    by 0x49242AB: _nc_setupterm (in /usr/lib/aarch64-linux-gnu/libtinfo.so.6.4)
==215==    by 0x48D238B: newterm_sp (in /usr/lib/aarch64-linux-gnu/libncurses.so.6.4)
==215==    by 0x48D2747: newterm (in /usr/lib/aarch64-linux-gnu/libncurses.so.6.4)
==215==    by 0x48CEE5F: initscr (in /usr/lib/aarch64-linux-gnu/libncurses.so.6.4)
==215==    by 0x10A037: main (view.c:366)
==215== 
==215== 46 bytes in 1 blocks are still reachable in loss record 35 of 81
==215==    at 0x48850C8: malloc (vg_replace_malloc.c:381)
==215==    by 0x491F1DB: ??? (in /usr/lib/aarch64-linux-gnu/libtinfo.so.6.4)
==215==    by 0x49242DB: _nc_setupterm (in /usr/lib/aarch64-linux-gnu/libtinfo.so.6.4)
==215==    by 0x48D238B: newterm_sp (in /usr/lib/aarch64-linux-gnu/libncurses.so.6.4)
==215==    by 0x48D2747: newterm (in /usr/lib/aarch64-linux-gnu/libncurses.so.6.4)
==215==    by 0x48CEE5F: initscr (in /usr/lib/aarch64-linux-gnu/libncurses.so.6.4)
==215==    by 0x10A037: main (view.c:366)
==215== 
==215== 48 bytes in 1 blocks are still reachable in loss record 36 of 81
==215==    at 0x4889F94: calloc (vg_replace_malloc.c:1328)
==215==    by 0x492151B: _nc_first_db (in /usr/lib/aarch64-linux-gnu/libtinfo.so.6.4)
==215==    by 0x492BCB7: _nc_read_entry2 (in /usr/lib/aarch64-linux-gnu/libtinfo.so.6.4)
==215==    by 0x4923EF7: ??? (in /usr/lib/aarch64-linux-gnu/libtinfo.so.6.4)
==215==    by 0x49242AB: _nc_setupterm (in /usr/lib/aarch64-linux-gnu/libtinfo.so.6.4)
==215==    by 0x48D238B: newterm_sp (in /usr/lib/aarch64-linux-gnu/libncurses.so.6.4)
==215==    by 0x48D2747: newterm (in /usr/lib/aarch64-linux-gnu/libncurses.so.6.4)
==215==    by 0x48CEE5F: initscr (in /usr/lib/aarch64-linux-gnu/libncurses.so.6.4)
==215==    by 0x10A037: main (view.c:366)
==215== 
==215== 70 bytes in 1 blocks are still reachable in loss record 37 of 81
==215==    at 0x488A1C4: realloc (vg_replace_malloc.c:1437)
==215==    by 0x492195B: _nc_doalloc (in /usr/lib/aarch64-linux-gnu/libtinfo.so.6.4)
==215==    by 0x4928C2F: _nc_tiparm (in /usr/lib/aarch64-linux-gnu/libtinfo.so.6.4)
==215==    by 0x48D1B47: ??? (in /usr/lib/aarch64-linux-gnu/libncurses.so.6.4)
==215==    by 0x48D24FF: newterm_sp (in /usr/lib/aarch64-linux-gnu/libncurses.so.6.4)
==215==    by 0x48D2747: newterm (in /usr/lib/aarch64-linux-gnu/libncurses.so.6.4)
==215==    by 0x48CEE5F: initscr (in /usr/lib/aarch64-linux-gnu/libncurses.so.6.4)
==215==    by 0x10A037: main (view.c:366)
==215== 
==215== 78 bytes in 1 blocks are still reachable in loss record 38 of 81
==215==    at 0x48850C8: malloc (vg_replace_malloc.c:381)
==215==    by 0x491F2BF: ??? (in /usr/lib/aarch64-linux-gnu/libtinfo.so.6.4)
==215==    by 0x49242DB: _nc_setupterm (in /usr/lib/aarch64-linux-gnu/libtinfo.so.6.4)
==215==    by 0x48D238B: newterm_sp (in /usr/lib/aarch64-linux-gnu/libncurses.so.6.4)
==215==    by 0x48D2747: newterm (in /usr/lib/aarch64-linux-gnu/libncurses.so.6.4)
==215==    by 0x48CEE5F: initscr (in /usr/lib/aarch64-linux-gnu/libncurses.so.6.4)
==215==    by 0x10A037: main (view.c:366)
==215== 
==215== 87 bytes in 1 blocks are still reachable in loss record 39 of 81
==215==    at 0x48850C8: malloc (vg_replace_malloc.c:381)
==215==    by 0x492148B: _nc_first_db (in /usr/lib/aarch64-linux-gnu/libtinfo.so.6.4)
==215==    by 0x492BCB7: _nc_read_entry2 (in /usr/lib/aarch64-linux-gnu/libtinfo.so.6.4)
==215==    by 0x4923EF7: ??? (in /usr/lib/aarch64-linux-gnu/libtinfo.so.6.4)
==215==    by 0x49242AB: _nc_setupterm (in /usr/lib/aarch64-linux-gnu/libtinfo.so.6.4)
==215==    by 0x48D238B: newterm_sp (in /usr/lib/aarch64-linux-gnu/libncurses.so.6.4)
==215==    by 0x48D2747: newterm (in /usr/lib/aarch64-linux-gnu/libncurses.so.6.4)
==215==    by 0x48CEE5F: initscr (in /usr/lib/aarch64-linux-gnu/libncurses.so.6.4)
==215==    by 0x10A037: main (view.c:366)
==215== 
==215== 93 bytes in 1 blocks are still reachable in loss record 40 of 81
==215==    at 0x48850C8: malloc (vg_replace_malloc.c:381)
==215==    by 0x49F580F: strdup (strdup.c:42)
==215==    by 0x4925CDF: ??? (in /usr/lib/aarch64-linux-gnu/libtinfo.so.6.4)
==215==    by 0x49286FF: _nc_tiparm (in /usr/lib/aarch64-linux-gnu/libtinfo.so.6.4)
==215==    by 0x48D7E93: vidputs_sp (in /usr/lib/aarch64-linux-gnu/libncurses.so.6.4)
==215==    by 0x48DAE17: ??? (in /usr/lib/aarch64-linux-gnu/libncurses.so.6.4)
==215==    by 0x48DB44F: ??? (in /usr/lib/aarch64-linux-gnu/libncurses.so.6.4)
==215==    by 0x48DBC47: ??? (in /usr/lib/aarch64-linux-gnu/libncurses.so.6.4)
==215==    by 0x48DC9B7: doupdate_sp (in /usr/lib/aarch64-linux-gnu/libncurses.so.6.4)
==215==    by 0x48D3DEF: wrefresh (in /usr/lib/aarch64-linux-gnu/libncurses.so.6.4)
==215==    by 0x109A57: print_board (view.c:235)
==215==    by 0x10A06F: main (view.c:381)
==215== 
==215== 104 bytes in 1 blocks are still reachable in loss record 41 of 81
==215==    at 0x4889F94: calloc (vg_replace_malloc.c:1328)
==215==    by 0x48D2977: ??? (in /usr/lib/aarch64-linux-gnu/libncurses.so.6.4)
==215==    by 0x48D2B6F: newwin_sp (in /usr/lib/aarch64-linux-gnu/libncurses.so.6.4)
==215==    by 0x48D60CB: ??? (in /usr/lib/aarch64-linux-gnu/libncurses.so.6.4)
==215==    by 0x48D23CB: newterm_sp (in /usr/lib/aarch64-linux-gnu/libncurses.so.6.4)
==215==    by 0x48D2747: newterm (in /usr/lib/aarch64-linux-gnu/libncurses.so.6.4)
==215==    by 0x48CEE5F: initscr (in /usr/lib/aarch64-linux-gnu/libncurses.so.6.4)
==215==    by 0x10A037: main (view.c:366)
==215== 
==215== 104 bytes in 1 blocks are still reachable in loss record 42 of 81
==215==    at 0x4889F94: calloc (vg_replace_malloc.c:1328)
==215==    by 0x48D2977: ??? (in /usr/lib/aarch64-linux-gnu/libncurses.so.6.4)
==215==    by 0x48D2B6F: newwin_sp (in /usr/lib/aarch64-linux-gnu/libncurses.so.6.4)
==215==    by 0x48D60E7: ??? (in /usr/lib/aarch64-linux-gnu/libncurses.so.6.4)
==215==    by 0x48D23CB: newterm_sp (in /usr/lib/aarch64-linux-gnu/libncurses.so.6.4)
==215==    by 0x48D2747: newterm (in /usr/lib/aarch64-linux-gnu/libncurses.so.6.4)
==215==    by 0x48CEE5F: initscr (in /usr/lib/aarch64-linux-gnu/libncurses.so.6.4)
==215==    by 0x10A037: main (view.c:366)
==215== 
==215== 104 bytes in 1 blocks are still reachable in loss record 43 of 81
==215==    at 0x4889F94: calloc (vg_replace_malloc.c:1328)
==215==    by 0x48D2977: ??? (in /usr/lib/aarch64-linux-gnu/libncurses.so.6.4)
==215==    by 0x48D2B6F: newwin_sp (in /usr/lib/aarch64-linux-gnu/libncurses.so.6.4)
==215==    by 0x48D625F: ??? (in /usr/lib/aarch64-linux-gnu/libncurses.so.6.4)
==215==    by 0x48D23CB: newterm_sp (in /usr/lib/aarch64-linux-gnu/libncurses.so.6.4)
==215==    by 0x48D2747: newterm (in /usr/lib/aarch64-linux-gnu/libncurses.so.6.4)
==215==    by 0x48CEE5F: initscr (in /usr/lib/aarch64-linux-gnu/libncurses.so.6.4)
==215==    by 0x10A037: main (view.c:366)
==215== 
==215== 128 bytes in 1 blocks are still reachable in loss record 44 of 81
==215==    at 0x4889F94: calloc (vg_replace_malloc.c:1328)
==215==    by 0x48D5DDB: ??? (in /usr/lib/aarch64-linux-gnu/libncurses.so.6.4)
==215==    by 0x48D23CB: newterm_sp (in /usr/lib/aarch64-linux-gnu/libncurses.so.6.4)
==215==    by 0x48D2747: newterm (in /usr/lib/aarch64-linux-gnu/libncurses.so.6.4)
==215==    by 0x48CEE5F: initscr (in /usr/lib/aarch64-linux-gnu/libncurses.so.6.4)
==215==    by 0x10A037: main (view.c:366)
==215== 
==215== 133 bytes in 1 blocks are still reachable in loss record 45 of 81
==215==    at 0x488A1C4: realloc (vg_replace_malloc.c:1437)
==215==    by 0x492195B: _nc_doalloc (in /usr/lib/aarch64-linux-gnu/libtinfo.so.6.4)
==215==    by 0x4925A5B: _nc_tparm_analyze (in /usr/lib/aarch64-linux-gnu/libtinfo.so.6.4)
==215==    by 0x4925C27: ??? (in /usr/lib/aarch64-linux-gnu/libtinfo.so.6.4)
==215==    by 0x49286FF: _nc_tiparm (in /usr/lib/aarch64-linux-gnu/libtinfo.so.6.4)
==215==    by 0x48D7E93: vidputs_sp (in /usr/lib/aarch64-linux-gnu/libncurses.so.6.4)
==215==    by 0x48DAE17: ??? (in /usr/lib/aarch64-linux-gnu/libncurses.so.6.4)
==215==    by 0x48DB44F: ??? (in /usr/lib/aarch64-linux-gnu/libncurses.so.6.4)
==215==    by 0x48DBC47: ??? (in /usr/lib/aarch64-linux-gnu/libncurses.so.6.4)
==215==    by 0x48DC9B7: doupdate_sp (in /usr/lib/aarch64-linux-gnu/libncurses.so.6.4)
==215==    by 0x48D3DEF: wrefresh (in /usr/lib/aarch64-linux-gnu/libncurses.so.6.4)
==215==    by 0x109A57: print_board (view.c:235)
==215== 
==215== 156 bytes in 1 blocks are still reachable in loss record 46 of 81
==215==    at 0x488A1C4: realloc (vg_replace_malloc.c:1437)
==215==    by 0x492195B: _nc_doalloc (in /usr/lib/aarch64-linux-gnu/libtinfo.so.6.4)
==215==    by 0x492B4FB: _nc_read_termtype (in /usr/lib/aarch64-linux-gnu/libtinfo.so.6.4)
==215==    by 0x492B84B: _nc_read_file_entry (in /usr/lib/aarch64-linux-gnu/libtinfo.so.6.4)
==215==    by 0x492BB8F: ??? (in /usr/lib/aarch64-linux-gnu/libtinfo.so.6.4)
==215==    by 0x492BCCB: _nc_read_entry2 (in /usr/lib/aarch64-linux-gnu/libtinfo.so.6.4)
==215==    by 0x4923EF7: ??? (in /usr/lib/aarch64-linux-gnu/libtinfo.so.6.4)
==215==    by 0x49242AB: _nc_setupterm (in /usr/lib/aarch64-linux-gnu/libtinfo.so.6.4)
==215==    by 0x48D238B: newterm_sp (in /usr/lib/aarch64-linux-gnu/libncurses.so.6.4)
==215==    by 0x48D2747: newterm (in /usr/lib/aarch64-linux-gnu/libncurses.so.6.4)
==215==    by 0x48CEE5F: initscr (in /usr/lib/aarch64-linux-gnu/libncurses.so.6.4)
==215==    by 0x10A037: main (view.c:366)
==215== 
==215== 168 bytes in 1 blocks are still reachable in loss record 47 of 81
==215==    at 0x4889F94: calloc (vg_replace_malloc.c:1328)
==215==    by 0x4925C9F: ??? (in /usr/lib/aarch64-linux-gnu/libtinfo.so.6.4)
==215==    by 0x49286FF: _nc_tiparm (in /usr/lib/aarch64-linux-gnu/libtinfo.so.6.4)
==215==    by 0x48D1B47: ??? (in /usr/lib/aarch64-linux-gnu/libncurses.so.6.4)
==215==    by 0x48D24FF: newterm_sp (in /usr/lib/aarch64-linux-gnu/libncurses.so.6.4)
==215==    by 0x48D2747: newterm (in /usr/lib/aarch64-linux-gnu/libncurses.so.6.4)
==215==    by 0x48CEE5F: initscr (in /usr/lib/aarch64-linux-gnu/libncurses.so.6.4)
==215==    by 0x10A037: main (view.c:366)
==215== 
==215== 168 bytes in 1 blocks are still reachable in loss record 48 of 81
==215==    at 0x4889F94: calloc (vg_replace_malloc.c:1328)
==215==    by 0x4925C9F: ??? (in /usr/lib/aarch64-linux-gnu/libtinfo.so.6.4)
==215==    by 0x49286FF: _nc_tiparm (in /usr/lib/aarch64-linux-gnu/libtinfo.so.6.4)
==215==    by 0x48D1BF7: ??? (in /usr/lib/aarch64-linux-gnu/libncurses.so.6.4)
==215==    by 0x48D24FF: newterm_sp (in /usr/lib/aarch64-linux-gnu/libncurses.so.6.4)
==215==    by 0x48D2747: newterm (in /usr/lib/aarch64-linux-gnu/libncurses.so.6.4)
==215==    by 0x48CEE5F: initscr (in /usr/lib/aarch64-linux-gnu/libncurses.so.6.4)
==215==    by 0x10A037: main (view.c:366)
==215== 
==215== 168 bytes in 1 blocks are still reachable in loss record 49 of 81
==215==    at 0x4889F94: calloc (vg_replace_malloc.c:1328)
==215==    by 0x4925C9F: ??? (in /usr/lib/aarch64-linux-gnu/libtinfo.so.6.4)
==215==    by 0x49286FF: _nc_tiparm (in /usr/lib/aarch64-linux-gnu/libtinfo.so.6.4)
==215==    by 0x48D1C23: ??? (in /usr/lib/aarch64-linux-gnu/libncurses.so.6.4)
==215==    by 0x48D24FF: newterm_sp (in /usr/lib/aarch64-linux-gnu/libncurses.so.6.4)
==215==    by 0x48D2747: newterm (in /usr/lib/aarch64-linux-gnu/libncurses.so.6.4)
==215==    by 0x48CEE5F: initscr (in /usr/lib/aarch64-linux-gnu/libncurses.so.6.4)
==215==    by 0x10A037: main (view.c:366)
==215== 
==215== 168 bytes in 1 blocks are still reachable in loss record 50 of 81
==215==    at 0x4889F94: calloc (vg_replace_malloc.c:1328)
==215==    by 0x4925C9F: ??? (in /usr/lib/aarch64-linux-gnu/libtinfo.so.6.4)
==215==    by 0x49286FF: _nc_tiparm (in /usr/lib/aarch64-linux-gnu/libtinfo.so.6.4)
==215==    by 0x48D1C4F: ??? (in /usr/lib/aarch64-linux-gnu/libncurses.so.6.4)
==215==    by 0x48D24FF: newterm_sp (in /usr/lib/aarch64-linux-gnu/libncurses.so.6.4)
==215==    by 0x48D2747: newterm (in /usr/lib/aarch64-linux-gnu/libncurses.so.6.4)
==215==    by 0x48CEE5F: initscr (in /usr/lib/aarch64-linux-gnu/libncurses.so.6.4)
==215==    by 0x10A037: main (view.c:366)
==215== 
==215== 168 bytes in 1 blocks are still reachable in loss record 51 of 81
==215==    at 0x4889F94: calloc (vg_replace_malloc.c:1328)
==215==    by 0x4925C9F: ??? (in /usr/lib/aarch64-linux-gnu/libtinfo.so.6.4)
==215==    by 0x49286FF: _nc_tiparm (in /usr/lib/aarch64-linux-gnu/libtinfo.so.6.4)
==215==    by 0x48D1DB7: ??? (in /usr/lib/aarch64-linux-gnu/libncurses.so.6.4)
==215==    by 0x48D24FF: newterm_sp (in /usr/lib/aarch64-linux-gnu/libncurses.so.6.4)
==215==    by 0x48D2747: newterm (in /usr/lib/aarch64-linux-gnu/libncurses.so.6.4)
==215==    by 0x48CEE5F: initscr (in /usr/lib/aarch64-linux-gnu/libncurses.so.6.4)
==215==    by 0x10A037: main (view.c:366)
==215== 
==215== 168 bytes in 1 blocks are still reachable in loss record 52 of 81
==215==    at 0x4889F94: calloc (vg_replace_malloc.c:1328)
==215==    by 0x4925C9F: ??? (in /usr/lib/aarch64-linux-gnu/libtinfo.so.6.4)
==215==    by 0x49286FF: _nc_tiparm (in /usr/lib/aarch64-linux-gnu/libtinfo.so.6.4)
==215==    by 0x48D1E03: ??? (in /usr/lib/aarch64-linux-gnu/libncurses.so.6.4)
==215==    by 0x48D24FF: newterm_sp (in /usr/lib/aarch64-linux-gnu/libncurses.so.6.4)
==215==    by 0x48D2747: newterm (in /usr/lib/aarch64-linux-gnu/libncurses.so.6.4)
==215==    by 0x48CEE5F: initscr (in /usr/lib/aarch64-linux-gnu/libncurses.so.6.4)
==215==    by 0x10A037: main (view.c:366)
==215== 
==215== 168 bytes in 1 blocks are still reachable in loss record 53 of 81
==215==    at 0x4889F94: calloc (vg_replace_malloc.c:1328)
==215==    by 0x4925C9F: ??? (in /usr/lib/aarch64-linux-gnu/libtinfo.so.6.4)
==215==    by 0x49286FF: _nc_tiparm (in /usr/lib/aarch64-linux-gnu/libtinfo.so.6.4)
==215==    by 0x48D1E4F: ??? (in /usr/lib/aarch64-linux-gnu/libncurses.so.6.4)
==215==    by 0x48D24FF: newterm_sp (in /usr/lib/aarch64-linux-gnu/libncurses.so.6.4)
==215==    by 0x48D2747: newterm (in /usr/lib/aarch64-linux-gnu/libncurses.so.6.4)
==215==    by 0x48CEE5F: initscr (in /usr/lib/aarch64-linux-gnu/libncurses.so.6.4)
==215==    by 0x10A037: main (view.c:366)
==215== 
==215== 168 bytes in 1 blocks are still reachable in loss record 54 of 81
==215==    at 0x4889F94: calloc (vg_replace_malloc.c:1328)
==215==    by 0x4925C9F: ??? (in /usr/lib/aarch64-linux-gnu/libtinfo.so.6.4)
==215==    by 0x49286FF: _nc_tiparm (in /usr/lib/aarch64-linux-gnu/libtinfo.so.6.4)
==215==    by 0x48D1E9F: ??? (in /usr/lib/aarch64-linux-gnu/libncurses.so.6.4)
==215==    by 0x48D24FF: newterm_sp (in /usr/lib/aarch64-linux-gnu/libncurses.so.6.4)
==215==    by 0x48D2747: newterm (in /usr/lib/aarch64-linux-gnu/libncurses.so.6.4)
==215==    by 0x48CEE5F: initscr (in /usr/lib/aarch64-linux-gnu/libncurses.so.6.4)
==215==    by 0x10A037: main (view.c:366)
==215== 
==215== 168 bytes in 1 blocks are still reachable in loss record 55 of 81
==215==    at 0x4889F94: calloc (vg_replace_malloc.c:1328)
==215==    by 0x4925C9F: ??? (in /usr/lib/aarch64-linux-gnu/libtinfo.so.6.4)
==215==    by 0x49286FF: _nc_tiparm (in /usr/lib/aarch64-linux-gnu/libtinfo.so.6.4)
==215==    by 0x48D196B: ??? (in /usr/lib/aarch64-linux-gnu/libncurses.so.6.4)
==215==    by 0x48D24FF: newterm_sp (in /usr/lib/aarch64-linux-gnu/libncurses.so.6.4)
==215==    by 0x48D2747: newterm (in /usr/lib/aarch64-linux-gnu/libncurses.so.6.4)
==215==    by 0x48CEE5F: initscr (in /usr/lib/aarch64-linux-gnu/libncurses.so.6.4)
==215==    by 0x10A037: main (view.c:366)
==215== 
==215== 168 bytes in 1 blocks are still reachable in loss record 56 of 81
==215==    at 0x4889F94: calloc (vg_replace_malloc.c:1328)
==215==    by 0x4925C9F: ??? (in /usr/lib/aarch64-linux-gnu/libtinfo.so.6.4)
==215==    by 0x49286FF: _nc_tiparm (in /usr/lib/aarch64-linux-gnu/libtinfo.so.6.4)
==215==    by 0x48CAC3B: ??? (in /usr/lib/aarch64-linux-gnu/libncurses.so.6.4)
==215==    by 0x48CBD93: ??? (in /usr/lib/aarch64-linux-gnu/libncurses.so.6.4)
==215==    by 0x48DCDF7: doupdate_sp (in /usr/lib/aarch64-linux-gnu/libncurses.so.6.4)
==215==    by 0x48D3DEF: wrefresh (in /usr/lib/aarch64-linux-gnu/libncurses.so.6.4)
==215==    by 0x109A57: print_board (view.c:235)
==215==    by 0x10A06F: main (view.c:381)
==215== 
==215== 168 bytes in 1 blocks are still reachable in loss record 57 of 81
==215==    at 0x4889F94: calloc (vg_replace_malloc.c:1328)
==215==    by 0x4925C9F: ??? (in /usr/lib/aarch64-linux-gnu/libtinfo.so.6.4)
==215==    by 0x49286FF: _nc_tiparm (in /usr/lib/aarch64-linux-gnu/libtinfo.so.6.4)
==215==    by 0x48CACAF: ??? (in /usr/lib/aarch64-linux-gnu/libncurses.so.6.4)
==215==    by 0x48CBDA7: ??? (in /usr/lib/aarch64-linux-gnu/libncurses.so.6.4)
==215==    by 0x48DCDF7: doupdate_sp (in /usr/lib/aarch64-linux-gnu/libncurses.so.6.4)
==215==    by 0x48D3DEF: wrefresh (in /usr/lib/aarch64-linux-gnu/libncurses.so.6.4)
==215==    by 0x109A57: print_board (view.c:235)
==215==    by 0x10A06F: main (view.c:381)
==215== 
==215== 168 bytes in 1 blocks are still reachable in loss record 58 of 81
==215==    at 0x4889F94: calloc (vg_replace_malloc.c:1328)
==215==    by 0x4925C9F: ??? (in /usr/lib/aarch64-linux-gnu/libtinfo.so.6.4)
==215==    by 0x49286FF: _nc_tiparm (in /usr/lib/aarch64-linux-gnu/libtinfo.so.6.4)
==215==    by 0x48D7E93: vidputs_sp (in /usr/lib/aarch64-linux-gnu/libncurses.so.6.4)
==215==    by 0x48DAE17: ??? (in /usr/lib/aarch64-linux-gnu/libncurses.so.6.4)
==215==    by 0x48DB44F: ??? (in /usr/lib/aarch64-linux-gnu/libncurses.so.6.4)
==215==    by 0x48DBC47: ??? (in /usr/lib/aarch64-linux-gnu/libncurses.so.6.4)
==215==    by 0x48DC9B7: doupdate_sp (in /usr/lib/aarch64-linux-gnu/libncurses.so.6.4)
==215==    by 0x48D3DEF: wrefresh (in /usr/lib/aarch64-linux-gnu/libncurses.so.6.4)
==215==    by 0x109A57: print_board (view.c:235)
==215==    by 0x10A06F: main (view.c:381)
==215== 
==215== 168 bytes in 1 blocks are possibly lost in loss record 59 of 81
==215==    at 0x4889F94: calloc (vg_replace_malloc.c:1328)
==215==    by 0x4925C9F: ??? (in /usr/lib/aarch64-linux-gnu/libtinfo.so.6.4)
==215==    by 0x49286FF: _nc_tiparm (in /usr/lib/aarch64-linux-gnu/libtinfo.so.6.4)
==215==    by 0x48D1B73: ??? (in /usr/lib/aarch64-linux-gnu/libncurses.so.6.4)
==215==    by 0x48D24FF: newterm_sp (in /usr/lib/aarch64-linux-gnu/libncurses.so.6.4)
==215==    by 0x48D2747: newterm (in /usr/lib/aarch64-linux-gnu/libncurses.so.6.4)
==215==    by 0x48CEE5F: initscr (in /usr/lib/aarch64-linux-gnu/libncurses.so.6.4)
==215==    by 0x10A037: main (view.c:366)
==215== 
==215== 168 bytes in 1 blocks are possibly lost in loss record 60 of 81
==215==    at 0x4889F94: calloc (vg_replace_malloc.c:1328)
==215==    by 0x4925C9F: ??? (in /usr/lib/aarch64-linux-gnu/libtinfo.so.6.4)
==215==    by 0x49286FF: _nc_tiparm (in /usr/lib/aarch64-linux-gnu/libtinfo.so.6.4)
==215==    by 0x48D1B9F: ??? (in /usr/lib/aarch64-linux-gnu/libncurses.so.6.4)
==215==    by 0x48D24FF: newterm_sp (in /usr/lib/aarch64-linux-gnu/libncurses.so.6.4)
==215==    by 0x48D2747: newterm (in /usr/lib/aarch64-linux-gnu/libncurses.so.6.4)
==215==    by 0x48CEE5F: initscr (in /usr/lib/aarch64-linux-gnu/libncurses.so.6.4)
==215==    by 0x10A037: main (view.c:366)
==215== 
==215== 168 bytes in 1 blocks are possibly lost in loss record 61 of 81
==215==    at 0x4889F94: calloc (vg_replace_malloc.c:1328)
==215==    by 0x4925C9F: ??? (in /usr/lib/aarch64-linux-gnu/libtinfo.so.6.4)
==215==    by 0x49286FF: _nc_tiparm (in /usr/lib/aarch64-linux-gnu/libtinfo.so.6.4)
==215==    by 0x48D1BCB: ??? (in /usr/lib/aarch64-linux-gnu/libncurses.so.6.4)
==215==    by 0x48D24FF: newterm_sp (in /usr/lib/aarch64-linux-gnu/libncurses.so.6.4)
==215==    by 0x48D2747: newterm (in /usr/lib/aarch64-linux-gnu/libncurses.so.6.4)
==215==    by 0x48CEE5F: initscr (in /usr/lib/aarch64-linux-gnu/libncurses.so.6.4)
==215==    by 0x10A037: main (view.c:366)
==215== 
==215== 224 bytes in 1 blocks are still reachable in loss record 62 of 81
==215==    at 0x4889F94: calloc (vg_replace_malloc.c:1328)
==215==    by 0x48CB08B: start_color_sp (in /usr/lib/aarch64-linux-gnu/libncurses.so.6.4)
==215==    by 0x108FEF: init_colors (view.c:25)
==215==    by 0x10A05B: main (view.c:373)
==215== 
==215== 256 bytes in 1 blocks are still reachable in loss record 63 of 81
==215==    at 0x4889F94: calloc (vg_replace_malloc.c:1328)
==215==    by 0x48CAF47: ??? (in /usr/lib/aarch64-linux-gnu/libncurses.so.6.4)
==215==    by 0x48CB067: start_color_sp (in /usr/lib/aarch64-linux-gnu/libncurses.so.6.4)
==215==    by 0x108FEF: init_colors (view.c:25)
==215==    by 0x10A05B: main (view.c:373)
==215== 
==215== 512 bytes in 1 blocks are still reachable in loss record 64 of 81
==215==    at 0x4889F94: calloc (vg_replace_malloc.c:1328)
==215==    by 0x48D5DC3: ??? (in /usr/lib/aarch64-linux-gnu/libncurses.so.6.4)
==215==    by 0x48D23CB: newterm_sp (in /usr/lib/aarch64-linux-gnu/libncurses.so.6.4)
==215==    by 0x48D2747: newterm (in /usr/lib/aarch64-linux-gnu/libncurses.so.6.4)
==215==    by 0x48CEE5F: initscr (in /usr/lib/aarch64-linux-gnu/libncurses.so.6.4)
==215==    by 0x10A037: main (view.c:366)
==215== 
==215== 640 bytes in 1 blocks are still reachable in loss record 65 of 81
==215==    at 0x4889F94: calloc (vg_replace_malloc.c:1328)
==215==    by 0x492B6AB: _nc_read_termtype (in /usr/lib/aarch64-linux-gnu/libtinfo.so.6.4)
==215==    by 0x492B84B: _nc_read_file_entry (in /usr/lib/aarch64-linux-gnu/libtinfo.so.6.4)
==215==    by 0x492BB8F: ??? (in /usr/lib/aarch64-linux-gnu/libtinfo.so.6.4)
==215==    by 0x492BCCB: _nc_read_entry2 (in /usr/lib/aarch64-linux-gnu/libtinfo.so.6.4)
==215==    by 0x4923EF7: ??? (in /usr/lib/aarch64-linux-gnu/libtinfo.so.6.4)
==215==    by 0x49242AB: _nc_setupterm (in /usr/lib/aarch64-linux-gnu/libtinfo.so.6.4)
==215==    by 0x48D238B: newterm_sp (in /usr/lib/aarch64-linux-gnu/libncurses.so.6.4)
==215==    by 0x48D2747: newterm (in /usr/lib/aarch64-linux-gnu/libncurses.so.6.4)
==215==    by 0x48CEE5F: initscr (in /usr/lib/aarch64-linux-gnu/libncurses.so.6.4)
==215==    by 0x10A037: main (view.c:366)
==215== 
==215== 640 bytes in 1 blocks are still reachable in loss record 66 of 81
==215==    at 0x48850C8: malloc (vg_replace_malloc.c:381)
==215==    by 0x491F39F: ??? (in /usr/lib/aarch64-linux-gnu/libtinfo.so.6.4)
==215==    by 0x49242DB: _nc_setupterm (in /usr/lib/aarch64-linux-gnu/libtinfo.so.6.4)
==215==    by 0x48D238B: newterm_sp (in /usr/lib/aarch64-linux-gnu/libncurses.so.6.4)
==215==    by 0x48D2747: newterm (in /usr/lib/aarch64-linux-gnu/libncurses.so.6.4)
==215==    by 0x48CEE5F: initscr (in /usr/lib/aarch64-linux-gnu/libncurses.so.6.4)
==215==    by 0x10A037: main (view.c:366)
==215== 
==215== 760 bytes in 1 blocks are still reachable in loss record 67 of 81
==215==    at 0x4889F94: calloc (vg_replace_malloc.c:1328)
==215==    by 0x492425F: _nc_setupterm (in /usr/lib/aarch64-linux-gnu/libtinfo.so.6.4)
==215==    by 0x48D238B: newterm_sp (in /usr/lib/aarch64-linux-gnu/libncurses.so.6.4)
==215==    by 0x48D2747: newterm (in /usr/lib/aarch64-linux-gnu/libncurses.so.6.4)
==215==    by 0x48CEE5F: initscr (in /usr/lib/aarch64-linux-gnu/libncurses.so.6.4)
==215==    by 0x10A037: main (view.c:366)
==215== 
==215== 984 bytes in 1 blocks are still reachable in loss record 68 of 81
==215==    at 0x48850C8: malloc (vg_replace_malloc.c:381)
==215==    by 0x492B5E7: _nc_read_termtype (in /usr/lib/aarch64-linux-gnu/libtinfo.so.6.4)
==215==    by 0x492B84B: _nc_read_file_entry (in /usr/lib/aarch64-linux-gnu/libtinfo.so.6.4)
==215==    by 0x492BB8F: ??? (in /usr/lib/aarch64-linux-gnu/libtinfo.so.6.4)
==215==    by 0x492BCCB: _nc_read_entry2 (in /usr/lib/aarch64-linux-gnu/libtinfo.so.6.4)
==215==    by 0x4923EF7: ??? (in /usr/lib/aarch64-linux-gnu/libtinfo.so.6.4)
==215==    by 0x49242AB: _nc_setupterm (in /usr/lib/aarch64-linux-gnu/libtinfo.so.6.4)
==215==    by 0x48D238B: newterm_sp (in /usr/lib/aarch64-linux-gnu/libncurses.so.6.4)
==215==    by 0x48D2747: newterm (in /usr/lib/aarch64-linux-gnu/libncurses.so.6.4)
==215==    by 0x48CEE5F: initscr (in /usr/lib/aarch64-linux-gnu/libncurses.so.6.4)
==215==    by 0x10A037: main (view.c:366)
==215== 
==215== 985 bytes in 1 blocks are still reachable in loss record 69 of 81
==215==    at 0x4889F94: calloc (vg_replace_malloc.c:1328)
==215==    by 0x491F517: ??? (in /usr/lib/aarch64-linux-gnu/libtinfo.so.6.4)
==215==    by 0x49242DB: _nc_setupterm (in /usr/lib/aarch64-linux-gnu/libtinfo.so.6.4)
==215==    by 0x48D238B: newterm_sp (in /usr/lib/aarch64-linux-gnu/libncurses.so.6.4)
==215==    by 0x48D2747: newterm (in /usr/lib/aarch64-linux-gnu/libncurses.so.6.4)
==215==    by 0x48CEE5F: initscr (in /usr/lib/aarch64-linux-gnu/libncurses.so.6.4)
==215==    by 0x10A037: main (view.c:366)
==215== 
==215== 1,530 bytes in 1 blocks are still reachable in loss record 70 of 81
==215==    at 0x48850C8: malloc (vg_replace_malloc.c:381)
==215==    by 0x48D5EB7: ??? (in /usr/lib/aarch64-linux-gnu/libncurses.so.6.4)
==215==    by 0x48D23CB: newterm_sp (in /usr/lib/aarch64-linux-gnu/libncurses.so.6.4)
==215==    by 0x48D2747: newterm (in /usr/lib/aarch64-linux-gnu/libncurses.so.6.4)
==215==    by 0x48CEE5F: initscr (in /usr/lib/aarch64-linux-gnu/libncurses.so.6.4)
==215==    by 0x10A037: main (view.c:366)
==215== 
==215== 1,614 bytes in 1 blocks are still reachable in loss record 71 of 81
==215==    at 0x48850C8: malloc (vg_replace_malloc.c:381)
==215==    by 0x492AF5F: _nc_read_termtype (in /usr/lib/aarch64-linux-gnu/libtinfo.so.6.4)
==215==    by 0x492B84B: _nc_read_file_entry (in /usr/lib/aarch64-linux-gnu/libtinfo.so.6.4)
==215==    by 0x492BB8F: ??? (in /usr/lib/aarch64-linux-gnu/libtinfo.so.6.4)
==215==    by 0x492BCCB: _nc_read_entry2 (in /usr/lib/aarch64-linux-gnu/libtinfo.so.6.4)
==215==    by 0x4923EF7: ??? (in /usr/lib/aarch64-linux-gnu/libtinfo.so.6.4)
==215==    by 0x49242AB: _nc_setupterm (in /usr/lib/aarch64-linux-gnu/libtinfo.so.6.4)
==215==    by 0x48D238B: newterm_sp (in /usr/lib/aarch64-linux-gnu/libncurses.so.6.4)
==215==    by 0x48D2747: newterm (in /usr/lib/aarch64-linux-gnu/libncurses.so.6.4)
==215==    by 0x48CEE5F: initscr (in /usr/lib/aarch64-linux-gnu/libncurses.so.6.4)
==215==    by 0x10A037: main (view.c:366)
==215== 
==215== 1,624 bytes in 1 blocks are still reachable in loss record 72 of 81
==215==    at 0x4889F94: calloc (vg_replace_malloc.c:1328)
==215==    by 0x4924663: new_prescr (in /usr/lib/aarch64-linux-gnu/libtinfo.so.6.4)
==215==    by 0x48D2737: newterm (in /usr/lib/aarch64-linux-gnu/libncurses.so.6.4)
==215==    by 0x48CEE5F: initscr (in /usr/lib/aarch64-linux-gnu/libncurses.so.6.4)
==215==    by 0x10A037: main (view.c:366)
==215== 
==215== 1,632 bytes in 3 blocks are still reachable in loss record 73 of 81
==215==    at 0x4889F94: calloc (vg_replace_malloc.c:1328)
==215==    by 0x48DDF33: wresize (in /usr/lib/aarch64-linux-gnu/libncurses.so.6.4)
==215==    by 0x48DD843: ??? (in /usr/lib/aarch64-linux-gnu/libncurses.so.6.4)
==215==    by 0x48DDAD3: resize_term_sp (in /usr/lib/aarch64-linux-gnu/libncurses.so.6.4)
==215==    by 0x48DDBD7: resizeterm_sp (in /usr/lib/aarch64-linux-gnu/libncurses.so.6.4)
==215==    by 0x4923E5F: _nc_update_screensize (in /usr/lib/aarch64-linux-gnu/libtinfo.so.6.4)
==215==    by 0x48DCA87: doupdate_sp (in /usr/lib/aarch64-linux-gnu/libncurses.so.6.4)
==215==    by 0x48D3DEF: wrefresh (in /usr/lib/aarch64-linux-gnu/libncurses.so.6.4)
==215==    by 0x109A57: print_board (view.c:235)
==215==    by 0x10A06F: main (view.c:381)
==215== 
==215== 2,196 bytes in 1 blocks are still reachable in loss record 74 of 81
==215==    at 0x48850C8: malloc (vg_replace_malloc.c:381)
==215==    by 0x491F477: ??? (in /usr/lib/aarch64-linux-gnu/libtinfo.so.6.4)
==215==    by 0x49242DB: _nc_setupterm (in /usr/lib/aarch64-linux-gnu/libtinfo.so.6.4)
==215==    by 0x48D238B: newterm_sp (in /usr/lib/aarch64-linux-gnu/libncurses.so.6.4)
==215==    by 0x48D2747: newterm (in /usr/lib/aarch64-linux-gnu/libncurses.so.6.4)
==215==    by 0x48CEE5F: initscr (in /usr/lib/aarch64-linux-gnu/libncurses.so.6.4)
==215==    by 0x10A037: main (view.c:366)
==215== 
==215== 2,304 bytes in 6 blocks are still reachable in loss record 75 of 81
==215==    at 0x4889F94: calloc (vg_replace_malloc.c:1328)
==215==    by 0x48D2BA3: newwin_sp (in /usr/lib/aarch64-linux-gnu/libncurses.so.6.4)
==215==    by 0x48D60CB: ??? (in /usr/lib/aarch64-linux-gnu/libncurses.so.6.4)
==215==    by 0x48D23CB: newterm_sp (in /usr/lib/aarch64-linux-gnu/libncurses.so.6.4)
==215==    by 0x48D2747: newterm (in /usr/lib/aarch64-linux-gnu/libncurses.so.6.4)
==215==    by 0x48CEE5F: initscr (in /usr/lib/aarch64-linux-gnu/libncurses.so.6.4)
==215==    by 0x10A037: main (view.c:366)
==215== 
==215== 2,304 bytes in 6 blocks are still reachable in loss record 76 of 81
==215==    at 0x4889F94: calloc (vg_replace_malloc.c:1328)
==215==    by 0x48D2BA3: newwin_sp (in /usr/lib/aarch64-linux-gnu/libncurses.so.6.4)
==215==    by 0x48D60E7: ??? (in /usr/lib/aarch64-linux-gnu/libncurses.so.6.4)
==215==    by 0x48D23CB: newterm_sp (in /usr/lib/aarch64-linux-gnu/libncurses.so.6.4)
==215==    by 0x48D2747: newterm (in /usr/lib/aarch64-linux-gnu/libncurses.so.6.4)
==215==    by 0x48CEE5F: initscr (in /usr/lib/aarch64-linux-gnu/libncurses.so.6.4)
==215==    by 0x10A037: main (view.c:366)
==215== 
==215== 2,304 bytes in 6 blocks are still reachable in loss record 77 of 81
==215==    at 0x4889F94: calloc (vg_replace_malloc.c:1328)
==215==    by 0x48D2BA3: newwin_sp (in /usr/lib/aarch64-linux-gnu/libncurses.so.6.4)
==215==    by 0x48D625F: ??? (in /usr/lib/aarch64-linux-gnu/libncurses.so.6.4)
==215==    by 0x48D23CB: newterm_sp (in /usr/lib/aarch64-linux-gnu/libncurses.so.6.4)
==215==    by 0x48D2747: newterm (in /usr/lib/aarch64-linux-gnu/libncurses.so.6.4)
==215==    by 0x48CEE5F: initscr (in /usr/lib/aarch64-linux-gnu/libncurses.so.6.4)
==215==    by 0x10A037: main (view.c:366)
==215== 
==215== 3,493 bytes in 1 blocks are still reachable in loss record 78 of 81
==215==    at 0x488A1C4: realloc (vg_replace_malloc.c:1437)
==215==    by 0x492195B: _nc_doalloc (in /usr/lib/aarch64-linux-gnu/libtinfo.so.6.4)
==215==    by 0x48D8C4B: ??? (in /usr/lib/aarch64-linux-gnu/libncurses.so.6.4)
==215==    by 0x48D370B: vw_printw (in /usr/lib/aarch64-linux-gnu/libncurses.so.6.4)
==215==    by 0x48D37CF: printw (in /usr/lib/aarch64-linux-gnu/libncurses.so.6.4)
==215==    by 0x1092B3: print_board (view.c:95)
==215==    by 0x10A06F: main (view.c:381)
==215== 
==215== 3,936 bytes in 1 blocks are still reachable in loss record 79 of 81
==215==    at 0x488A1C4: realloc (vg_replace_malloc.c:1437)
==215==    by 0x492195B: _nc_doalloc (in /usr/lib/aarch64-linux-gnu/libtinfo.so.6.4)
==215==    by 0x492B513: _nc_read_termtype (in /usr/lib/aarch64-linux-gnu/libtinfo.so.6.4)
==215==    by 0x492B84B: _nc_read_file_entry (in /usr/lib/aarch64-linux-gnu/libtinfo.so.6.4)
==215==    by 0x492BB8F: ??? (in /usr/lib/aarch64-linux-gnu/libtinfo.so.6.4)
==215==    by 0x492BCCB: _nc_read_entry2 (in /usr/lib/aarch64-linux-gnu/libtinfo.so.6.4)
==215==    by 0x4923EF7: ??? (in /usr/lib/aarch64-linux-gnu/libtinfo.so.6.4)
==215==    by 0x49242AB: _nc_setupterm (in /usr/lib/aarch64-linux-gnu/libtinfo.so.6.4)
==215==    by 0x48D238B: newterm_sp (in /usr/lib/aarch64-linux-gnu/libncurses.so.6.4)
==215==    by 0x48D2747: newterm (in /usr/lib/aarch64-linux-gnu/libncurses.so.6.4)
==215==    by 0x48CEE5F: initscr (in /usr/lib/aarch64-linux-gnu/libncurses.so.6.4)
==215==    by 0x10A037: main (view.c:366)
==215== 
==215== 3,936 bytes in 1 blocks are still reachable in loss record 80 of 81
==215==    at 0x48850C8: malloc (vg_replace_malloc.c:381)
==215==    by 0x491F1F7: ??? (in /usr/lib/aarch64-linux-gnu/libtinfo.so.6.4)
==215==    by 0x49242DB: _nc_setupterm (in /usr/lib/aarch64-linux-gnu/libtinfo.so.6.4)
==215==    by 0x48D238B: newterm_sp (in /usr/lib/aarch64-linux-gnu/libncurses.so.6.4)
==215==    by 0x48D2747: newterm (in /usr/lib/aarch64-linux-gnu/libncurses.so.6.4)
==215==    by 0x48CEE5F: initscr (in /usr/lib/aarch64-linux-gnu/libncurses.so.6.4)
==215==    by 0x10A037: main (view.c:366)
==215== 
==215== 32,256 bytes in 84 blocks are still reachable in loss record 81 of 81
==215==    at 0x48850C8: malloc (vg_replace_malloc.c:381)
==215==    by 0x48DDF77: wresize (in /usr/lib/aarch64-linux-gnu/libncurses.so.6.4)
==215==    by 0x48DD843: ??? (in /usr/lib/aarch64-linux-gnu/libncurses.so.6.4)
==215==    by 0x48DDAD3: resize_term_sp (in /usr/lib/aarch64-linux-gnu/libncurses.so.6.4)
==215==    by 0x48DDBD7: resizeterm_sp (in /usr/lib/aarch64-linux-gnu/libncurses.so.6.4)
==215==    by 0x4923E5F: _nc_update_screensize (in /usr/lib/aarch64-linux-gnu/libtinfo.so.6.4)
==215==    by 0x48DCA87: doupdate_sp (in /usr/lib/aarch64-linux-gnu/libncurses.so.6.4)
==215==    by 0x48D3DEF: wrefresh (in /usr/lib/aarch64-linux-gnu/libncurses.so.6.4)
==215==    by 0x109A57: print_board (view.c:235)
==215==    by 0x10A06F: main (view.c:381)
==215== 
==215== LEAK SUMMARY:
==215==    definitely lost: 0 bytes in 0 blocks
==215==    indirectly lost: 0 bytes in 0 blocks
==215==      possibly lost: 603 bytes in 9 blocks
==215==    still reachable: 67,797 bytes in 172 blocks
==215==         suppressed: 0 bytes in 0 blocks
==215== 
==215== For lists of detected and suppressed errors, rerun with: -s
==215== ERROR SUMMARY: 81 errors from 81 contexts (suppressed: 0 from 0)
